Arguments: 
  /usr/local/bin/node /Users/ianhuang/.yarn/bin/yarn.js add regenerator-runtime

PATH: 
  /Users/ianhuang/.bun/bin:/usr/local/opt/ncurses/bin:/Users/ianhuang/.yarn/bin:/Users/ianhuang/.config/yarn/global/node_modules/.bin:/Users/ianhuang/.pyenv/shims:/Library/Frameworks/Python.framework/Versions/3.8/bin:/usr/local/bin:/usr/bin:/bin:/usr/sbin:/sbin:/usr/local/share/dotnet:/opt/X11/bin:~/.dotnet/tools:/Library/Apple/usr/bin:/Library/Frameworks/Mono.framework/Versions/Current/Commands:/Users/ianhuang/.cargo/bin:/Users/ianhuang/.fig/bin:/Users/ianhuang/.local/bin

Yarn version: 
  1.22.17

Node version: 
  18.3.0

Platform: 
  darwin x64

Trace: 
  SyntaxError: /Users/ianhuang/Desktop/desktop/projects/voxelize/client/package.json: Unexpected token } in JSON at position 1082
      at JSON.parse (<anonymous>)
      at /Users/ianhuang/.yarn/lib/cli.js:1625:59
      at Generator.next (<anonymous>)
      at step (/Users/ianhuang/.yarn/lib/cli.js:310:30)
      at /Users/ianhuang/.yarn/lib/cli.js:321:13

npm manifest: 
  {
    "name": "@voxelize/client",
    "version": "1.3.36",
    "license": "MIT",
    "main": "dist/index.js",
    "module": "dist/index.js",
    "types": "dist/index.d.ts",
    "umd": "dist/voxelize.min.js",
    "files": [
      "dist"
    ],
    "scripts": {
      "dev": "npm-run-all --parallel \"compile -w\" \"types -w --preserveWatchOutput\"",
      "clean": "rimraf ./dist",
      "compile": "rollup -c rollup.config.js",
      "build": "yarn run clean && yarn run compile && yarn run types",
      "types": "tsc --emitDeclarationOnly --outDir ./dist -p ./tsconfig.json --declaration --allowJs",
      "prepublishOnly": "yarn run build",
      "docs": "yarn run docs:start",
      "docs:start": "cd docs && rimraf docs/docs/api && yarn && yarn run start",
      "docs:build": "cd docs && yarn && yarn run build",
      "docs:deploy": "cd docs && yarn && yarn run deploy"
    },
    "peerDependencies": {
      "three": "^0.142.0"
    },
    "devDependencies": {
      "@tweakpane/core": "^1.0.8",
      "@types/gl-vec3": "^1.1.1",
      "@types/mousetrap": "^1.6.9",
      "@types/ndarray": "^1.0.11",
      "@types/three": "^0.141.0",
    },
    "dependencies": {
      "@tweenjs/tween.js": "^18.6.4",
      "@voxelize/aabb": "^1.0.0",
      "@voxelize/physics-engine": "^1.1.24",
      "@voxelize/raycast": "^1.0.5",
      "@voxelize/transport": "*",
      "deepmerge": "^4.2.2",
      "domurl": "^2.3.4",
      "events": "^3.3.0",
      "fflate": "^0.7.3",
      "gl-vec3": "^1.1.3",
      "mousetrap": "^1.6.5",
      "ndarray": "^1.0.19",
      "postprocessing": "^6.26.3",
      "socket.io-client": "^4.4.1",
      "tweakpane": "^3.0.7"
    }
  }

yarn manifest: 
  No manifest

Lockfile: 
  No lockfile
